# JRE version: Java(TM) SE Runtime Environment (8.0_102-b14) (build 1.8.0_102-b14)
# Java VM: Java HotSpot(TM) 64-Bit Server VM (25.102-b14 mixed mode windows-amd64 compressed oops)
Heap:
 PSYoungGen      total 71680K, used 12059K [0x00000000d5d80000, 0x00000000da880000, 0x0000000100000000)
  eden space 66560K, 10% used [0x00000000d5d80000,0x00000000d6449e28,0x00000000d9e80000)
  from space 5120K, 99% used [0x00000000da380000,0x00000000da87d030,0x00000000da880000)
  to   space 5120K, 0% used [0x00000000d9e80000,0x00000000d9e80000,0x00000000da380000)
 ParOldGen       total 54784K, used 12394K [0x0000000081800000, 0x0000000084d80000, 0x00000000d5d80000)
  object space 54784K, 22% used [0x0000000081800000,0x000000008241aa18,0x0000000084d80000)
 Metaspace       used 27745K, capacity 28174K, committed 28288K, reserved 1073152K
  class space    used 3512K, capacity 3638K, committed 3712K, reserved 1048576K
GC Heap History (10 events):
Event: 2.881 GC heap before
{Heap before GC invocations=5 (full 0):
 PSYoungGen      total 71680K, used 10395K [0x00000000d5d80000, 0x00000000da880000, 0x0000000100000000)
  eden space 66560K, 7% used [0x00000000d5d80000,0x00000000d62a9b40,0x00000000d9e80000)
  from space 5120K, 99% used [0x00000000da380000,0x00000000da87d3a8,0x00000000da880000)
  to   space 5120K, 0% used [0x00000000d9e80000,0x00000000d9e80000,0x00000000da380000)
 ParOldGen       total 87552K, used 6038K [0x0000000081800000, 0x0000000086d80000, 0x00000000d5d80000)
  object space 87552K, 6% used [0x0000000081800000,0x0000000081de58c0,0x0000000086d80000)
 Metaspace       used 20931K, capacity 21256K, committed 21296K, reserved 1069056K
  class space    used 2669K, capacity 2798K, committed 2816K, reserved 1048576K
Event: 2.890 GC heap after
Heap after GC invocations=5 (full 0):
 PSYoungGen      total 71680K, used 5108K [0x00000000d5d80000, 0x00000000da880000, 0x0000000100000000)
  eden space 66560K, 0% used [0x00000000d5d80000,0x00000000d5d80000,0x00000000d9e80000)
  from space 5120K, 99% used [0x00000000d9e80000,0x00000000da37d3c8,0x00000000da380000)
  to   space 5120K, 0% used [0x00000000da380000,0x00000000da380000,0x00000000da880000)
 ParOldGen       total 87552K, used 6545K [0x0000000081800000, 0x0000000086d80000, 0x00000000d5d80000)
  object space 87552K, 7% used [0x0000000081800000,0x0000000081e64510,0x0000000086d80000)
 Metaspace       used 20931K, capacity 21256K, committed 21296K, reserved 1069056K
  class space    used 2669K, capacity 2798K, committed 2816K, reserved 1048576K
}
Event: 2.890 GC heap before
{Heap before GC invocations=6 (full 1):
 PSYoungGen      total 71680K, used 5108K [0x00000000d5d80000, 0x00000000da880000, 0x0000000100000000)
  eden space 66560K, 0% used [0x00000000d5d80000,0x00000000d5d80000,0x00000000d9e80000)
  from space 5120K, 99% used [0x00000000d9e80000,0x00000000da37d3c8,0x00000000da380000)
  to   space 5120K, 0% used [0x00000000da380000,0x00000000da380000,0x00000000da880000)
 ParOldGen       total 87552K, used 6545K [0x0000000081800000, 0x0000000086d80000, 0x00000000d5d80000)
  object space 87552K, 7% used [0x0000000081800000,0x0000000081e64510,0x0000000086d80000)
 Metaspace       used 20931K, capacity 21256K, committed 21296K, reserved 1069056K
  class space    used 2669K, capacity 2798K, committed 2816K, reserved 1048576K
Event: 2.932 GC heap after
Heap after GC invocations=6 (full 1):
 PSYoungGen      total 71680K, used 0K [0x00000000d5d80000, 0x00000000da880000, 0x0000000100000000)
  eden space 66560K, 0% used [0x00000000d5d80000,0x00000000d5d80000,0x00000000d9e80000)
  from space 5120K, 0% used [0x00000000d9e80000,0x00000000d9e80000,0x00000000da380000)
  to   space 5120K, 0% used [0x00000000da380000,0x00000000da380000,0x00000000da880000)
 ParOldGen       total 54784K, used 5550K [0x0000000081800000, 0x0000000084d80000, 0x00000000d5d80000)
  object space 54784K, 10% used [0x0000000081800000,0x0000000081d6b8f0,0x0000000084d80000)
 Metaspace       used 20931K, capacity 21256K, committed 21296K, reserved 1069056K
  class space    used 2669K, capacity 2798K, committed 2816K, reserved 1048576K
}
Event: 4.322 GC heap before
{Heap before GC invocations=7 (full 1):
 PSYoungGen      total 71680K, used 66560K [0x00000000d5d80000, 0x00000000da880000, 0x0000000100000000)
  eden space 66560K, 100% used [0x00000000d5d80000,0x00000000d9e80000,0x00000000d9e80000)
  from space 5120K, 0% used [0x00000000d9e80000,0x00000000d9e80000,0x00000000da380000)
  to   space 5120K, 0% used [0x00000000da380000,0x00000000da380000,0x00000000da880000)
 ParOldGen       total 54784K, used 5550K [0x0000000081800000, 0x0000000084d80000, 0x00000000d5d80000)
  object space 54784K, 10% used [0x0000000081800000,0x0000000081d6b8f0,0x0000000084d80000)
 Metaspace       used 23128K, capacity 23510K, committed 23552K, reserved 1069056K
  class space    used 2921K, capacity 3042K, committed 3072K, reserved 1048576K
Event: 4.360 GC heap after
Heap after GC invocations=7 (full 1):
 PSYoungGen      total 71680K, used 4887K [0x00000000d5d80000, 0x00000000da880000, 0x0000000100000000)
  eden space 66560K, 0% used [0x00000000d5d80000,0x00000000d5d80000,0x00000000d9e80000)
  from space 5120K, 95% used [0x00000000da380000,0x00000000da845c88,0x00000000da880000)
  to   space 5120K, 0% used [0x00000000d9e80000,0x00000000d9e80000,0x00000000da380000)
 ParOldGen       total 54784K, used 5550K [0x0000000081800000, 0x0000000084d80000, 0x00000000d5d80000)
  object space 54784K, 10% used [0x0000000081800000,0x0000000081d6b8f0,0x0000000084d80000)
 Metaspace       used 23128K, capacity 23510K, committed 23552K, reserved 1069056K
  class space    used 2921K, capacity 3042K, committed 3072K, reserved 1048576K
}
Event: 5.108 GC heap before
{Heap before GC invocations=8 (full 1):
 PSYoungGen      total 71680K, used 71447K [0x00000000d5d80000, 0x00000000da880000, 0x0000000100000000)
  eden space 66560K, 100% used [0x00000000d5d80000,0x00000000d9e80000,0x00000000d9e80000)
  from space 5120K, 95% used [0x00000000da380000,0x00000000da845c88,0x00000000da880000)
  to   space 5120K, 0% used [0x00000000d9e80000,0x00000000d9e80000,0x00000000da380000)
 ParOldGen       total 54784K, used 5550K [0x0000000081800000, 0x0000000084d80000, 0x00000000d5d80000)
  object space 54784K, 10% used [0x0000000081800000,0x0000000081d6b8f0,0x0000000084d80000)
 Metaspace       used 24711K, capacity 25108K, committed 25344K, reserved 1071104K
  class space    used 3150K, capacity 3271K, committed 3328K, reserved 1048576K
Event: 5.117 GC heap after
Heap after GC invocations=8 (full 1):
 PSYoungGen      total 71680K, used 5088K [0x00000000d5d80000, 0x00000000da880000, 0x0000000100000000)
  eden space 66560K, 0% used [0x00000000d5d80000,0x00000000d5d80000,0x00000000d9e80000)
  from space 5120K, 99% used [0x00000000d9e80000,0x00000000da378010,0x00000000da380000)
  to   space 5120K, 0% used [0x00000000da380000,0x00000000da380000,0x00000000da880000)
 ParOldGen       total 54784K, used 7445K [0x0000000081800000, 0x0000000084d80000, 0x00000000d5d80000)
  object space 54784K, 13% used [0x0000000081800000,0x0000000081f45538,0x0000000084d80000)
 Metaspace       used 24711K, capacity 25108K, committed 25344K, reserved 1071104K
  class space    used 3150K, capacity 3271K, committed 3328K, reserved 1048576K
}
Event: 6.186 GC heap before
{Heap before GC invocations=9 (full 1):
 PSYoungGen      total 71680K, used 71648K [0x00000000d5d80000, 0x00000000da880000, 0x0000000100000000)
  eden space 66560K, 100% used [0x00000000d5d80000,0x00000000d9e80000,0x00000000d9e80000)
  from space 5120K, 99% used [0x00000000d9e80000,0x00000000da378010,0x00000000da380000)
  to   space 5120K, 0% used [0x00000000da380000,0x00000000da380000,0x00000000da880000)
 ParOldGen       total 54784K, used 7445K [0x0000000081800000, 0x0000000084d80000, 0x00000000d5d80000)
  object space 54784K, 13% used [0x0000000081800000,0x0000000081f45538,0x0000000084d80000)
 Metaspace       used 27620K, capacity 28098K, committed 28288K, reserved 1073152K
  class space    used 3498K, capacity 3636K, committed 3712K, reserved 1048576K
Event: 6.208 GC heap after
Heap after GC invocations=9 (full 1):
 PSYoungGen      total 71680K, used 5108K [0x00000000d5d80000, 0x00000000da880000, 0x0000000100000000)
  eden space 66560K, 0% used [0x00000000d5d80000,0x00000000d5d80000,0x00000000d9e80000)
  from space 5120K, 99% used [0x00000000da380000,0x00000000da87d030,0x00000000da880000)
  to   space 5120K, 0% used [0x00000000d9e80000,0x00000000d9e80000,0x00000000da380000)
 ParOldGen       total 54784K, used 12394K [0x0000000081800000, 0x0000000084d80000, 0x00000000d5d80000)
  object space 54784K, 22% used [0x0000000081800000,0x000000008241aa18,0x0000000084d80000)
 Metaspace       used 27620K, capacity 28098K, committed 28288K, reserved 1073152K
  class space    used 3498K, capacity 3636K, committed 3712K, reserved 1048576K
}

